<?xml version="1.0" encoding="UTF-8"?>
<testng-results ignored="0" total="1" passed="1" failed="0" skipped="0">
  <reporter-output>
  </reporter-output>
  <suite started-at="2023-11-09T10:26:24 IST" name="Default suite" finished-at="2023-11-09T10:26:50 IST" duration-ms="26638">
    <groups>
    </groups>
    <test started-at="2023-11-09T10:26:24 IST" name="Default test" finished-at="2023-11-09T10:26:50 IST" duration-ms="26638">
      <class name="testScroll">
        <test-method signature="f()[pri:0, instance:testScroll@37654521]" started-at="2023-11-09T10:26:24 IST" name="f" finished-at="2023-11-09T10:26:50 IST" duration-ms="26597" status="PASS">
          <reporter-output>
          </reporter-output>
        </test-method> <!-- f -->
      </class> <!-- testScroll -->
    </test> <!-- Default test -->
  </suite> <!-- Default suite -->
</testng-results>
